2025-09-08 09:58:12 [main] INFO  c.e.GreenPath.GreenPathApplication - Starting GreenPathApplication using Java 24.0.1 with PID 4416 (C:\Users\NEPC\Downloads\GreenPath\GreenPath\target\classes started by NEPC in c:\Users\NEPC\Downloads\GreenPath\GreenPath)
2025-09-08 09:58:12 [main] DEBUG c.e.GreenPath.GreenPathApplication - Running with Spring Boot v3.5.5, Spring v6.2.10
2025-09-08 09:58:12 [main] INFO  c.e.GreenPath.GreenPathApplication - No active profile set, falling back to 1 default profile: "default"
2025-09-08 09:58:14 [main] INFO  o.s.d.r.c.RepositoryConfigurationDelegate - Bootstrapping Spring Data JPA repositories in DEFAULT mode.
2025-09-08 09:58:15 [main] INFO  o.s.d.r.c.RepositoryConfigurationDelegate - Finished Spring Data repository scanning in 141 ms. Found 1 JPA repository interface.
2025-09-08 09:58:16 [main] INFO  o.s.b.w.e.tomcat.TomcatWebServer - Tomcat initialized with port 8080 (http)
2025-09-08 09:58:16 [main] INFO  o.a.catalina.core.StandardService - Starting service [Tomcat]
2025-09-08 09:58:16 [main] INFO  o.a.catalina.core.StandardEngine - Starting Servlet engine: [Apache Tomcat/10.1.44]
2025-09-08 09:58:16 [main] INFO  o.a.c.c.C.[Tomcat].[localhost].[/] - Initializing Spring embedded WebApplicationContext
2025-09-08 09:58:16 [main] INFO  o.s.b.w.s.c.ServletWebServerApplicationContext - Root WebApplicationContext: initialization completed in 4184 ms
2025-09-08 09:58:16 [main] INFO  o.h.jpa.internal.util.LogHelper - HHH000204: Processing PersistenceUnitInfo [name: default]
2025-09-08 09:58:17 [main] INFO  org.hibernate.Version - HHH000412: Hibernate ORM core version 6.6.26.Final
2025-09-08 09:58:17 [main] INFO  o.h.c.i.RegionFactoryInitiator - HHH000026: Second-level cache disabled
2025-09-08 09:58:17 [main] INFO  o.s.o.j.p.SpringPersistenceUnitInfo - No LoadTimeWeaver setup: ignoring JPA class transformer
2025-09-08 09:58:17 [main] WARN  org.hibernate.orm.deprecation - HHH90000021: Encountered deprecated setting [hibernate.temp.use_jdbc_metadata_defaults], use [hibernate.boot.allow_jdbc_metadata_access] instead
2025-09-08 09:58:17 [main] WARN  org.hibernate.orm.deprecation - HHH90000025: PostgreSQLDialect does not need to be specified explicitly using 'hibernate.dialect' (remove the property setting and it will be selected by default)
2025-09-08 09:58:17 [main] INFO  o.hibernate.orm.connections.pooling - HHH10001005: Database info:
	Database JDBC URL [undefined/unknown]
	Database driver: undefined/unknown
	Database version: 12.0
	Autocommit mode: undefined/unknown
	Isolation level: <unknown>
	Minimum pool size: undefined/unknown
	Maximum pool size: undefined/unknown
2025-09-08 09:58:19 [main] INFO  o.h.e.t.j.p.i.JtaPlatformInitiator - HHH000489: No JTA platform available (set 'hibernate.transaction.jta.platform' to enable JTA platform integration)
2025-09-08 09:58:19 [main] INFO  com.zaxxer.hikari.HikariDataSource - HikariPool-1 - Starting...
2025-09-08 09:58:19 [main] INFO  com.zaxxer.hikari.pool.HikariPool - HikariPool-1 - Added connection org.postgresql.jdbc.PgConnection@64cec4d0
2025-09-08 09:58:19 [main] INFO  com.zaxxer.hikari.HikariDataSource - HikariPool-1 - Start completed.
2025-09-08 09:58:19 [main] INFO  o.s.o.j.LocalContainerEntityManagerFactoryBean - Initialized JPA EntityManagerFactory for persistence unit 'default'
2025-09-08 09:58:20 [main] INFO  o.s.d.j.r.query.QueryEnhancerFactory - Hibernate is in classpath; If applicable, HQL parser will be used.
2025-09-08 09:58:22 [main] WARN  o.s.b.a.o.j.JpaBaseConfiguration$JpaWebConfiguration - spring.jpa.open-in-view is enabled by default. Therefore, database queries may be performed during view rendering. Explicitly configure spring.jpa.open-in-view to disable this warning
2025-09-08 09:58:22 [main] INFO  o.s.b.a.w.s.WelcomePageHandlerMapping - Adding welcome page template: index
2025-09-08 09:58:22 [main] INFO  o.s.s.c.a.a.c.InitializeUserDetailsBeanManagerConfigurer$InitializeUserDetailsManagerConfigurer - Global AuthenticationManager configured with UserDetailsService bean with name userService
2025-09-08 09:58:23 [main] INFO  o.s.b.w.e.tomcat.TomcatWebServer - Tomcat started on port 8080 (http) with context path '/'
2025-09-08 09:58:23 [main] INFO  c.e.GreenPath.GreenPathApplication - Started GreenPathApplication in 13.113 seconds (process running for 14.069)
2025-09-08 10:00:10 [http-nio-8080-exec-1] INFO  o.a.c.c.C.[Tomcat].[localhost].[/] - Initializing Spring DispatcherServlet 'dispatcherServlet'
2025-09-08 10:00:10 [http-nio-8080-exec-1] INFO  o.s.web.servlet.DispatcherServlet - Initializing Servlet 'dispatcherServlet'
2025-09-08 10:00:10 [http-nio-8080-exec-1] INFO  o.s.web.servlet.DispatcherServlet - Completed initialization in 9 ms
2025-09-08 10:00:12 [http-nio-8080-exec-2] WARN  o.s.web.servlet.PageNotFound - No mapping for GET /css/auth.css
2025-09-08 10:00:12 [http-nio-8080-exec-3] WARN  o.s.web.servlet.PageNotFound - No mapping for GET /js/auth-validation.js
2025-09-08 10:00:13 [http-nio-8080-exec-3] WARN  o.s.web.servlet.PageNotFound - No endpoint GET /js/auth-validation.js.
2025-09-08 10:00:13 [http-nio-8080-exec-2] WARN  o.s.web.servlet.PageNotFound - No endpoint GET /css/auth.css.
2025-09-08 10:00:14 [http-nio-8080-exec-4] WARN  o.s.web.servlet.PageNotFound - No mapping for GET /favicon.ico
2025-09-08 10:00:14 [http-nio-8080-exec-4] WARN  o.s.web.servlet.PageNotFound - No endpoint GET /favicon.ico.
2025-09-08 10:00:20 [http-nio-8080-exec-2] WARN  o.s.web.servlet.PageNotFound - No mapping for GET /js/auth-validation.js
2025-09-08 10:00:20 [http-nio-8080-exec-1] WARN  o.s.web.servlet.PageNotFound - No mapping for GET /css/auth.css
2025-09-08 10:00:20 [http-nio-8080-exec-2] WARN  o.s.web.servlet.PageNotFound - No endpoint GET /js/auth-validation.js.
2025-09-08 10:00:20 [http-nio-8080-exec-1] WARN  o.s.web.servlet.PageNotFound - No endpoint GET /css/auth.css.
2025-09-08 10:00:21 [http-nio-8080-exec-7] WARN  o.s.web.servlet.PageNotFound - No mapping for GET /favicon.ico
2025-09-08 10:00:21 [http-nio-8080-exec-7] WARN  o.s.web.servlet.PageNotFound - No endpoint GET /favicon.ico.
