2025-09-10 22:21:40.978 [main] INFO  c.e.GreenPath.GreenPathApplication - Starting GreenPathApplication using Java 24.0.1 with PID 18864 (C:\Users\NEPC\Downloads\GreenPath\GreenPath\target\classes started by NEPC in C:\Users\NEPC\Downloads\GreenPath\GreenPath)
2025-09-10 22:21:40.993 [main] INFO  c.e.GreenPath.GreenPathApplication - No active profile set, falling back to 1 default profile: "default"
2025-09-10 22:21:43.506 [main] INFO  o.s.d.r.c.RepositoryConfigurationDelegate - Bootstrapping Spring Data JPA repositories in DEFAULT mode.
2025-09-10 22:21:43.646 [main] INFO  o.s.d.r.c.RepositoryConfigurationDelegate - Finished Spring Data repository scanning in 119 ms. Found 1 JPA repository interface.
2025-09-10 22:21:45.076 [main] INFO  o.s.b.w.e.tomcat.TomcatWebServer - Tomcat initialized with port 8080 (http)
2025-09-10 22:21:45.099 [main] INFO  o.a.catalina.core.StandardService - Starting service [Tomcat]
2025-09-10 22:21:45.100 [main] INFO  o.a.catalina.core.StandardEngine - Starting Servlet engine: [Apache Tomcat/10.1.44]
2025-09-10 22:21:45.231 [main] INFO  o.a.c.c.C.[Tomcat].[localhost].[/] - Initializing Spring embedded WebApplicationContext
2025-09-10 22:21:45.232 [main] INFO  o.s.b.w.s.c.ServletWebServerApplicationContext - Root WebApplicationContext: initialization completed in 4106 ms
2025-09-10 22:21:45.627 [main] INFO  o.h.jpa.internal.util.LogHelper - HHH000204: Processing PersistenceUnitInfo [name: default]
2025-09-10 22:21:45.781 [main] INFO  org.hibernate.Version - HHH000412: Hibernate ORM core version 6.6.26.Final
2025-09-10 22:21:45.891 [main] INFO  o.h.c.i.RegionFactoryInitiator - HHH000026: Second-level cache disabled
2025-09-10 22:21:46.483 [main] INFO  o.s.o.j.p.SpringPersistenceUnitInfo - No LoadTimeWeaver setup: ignoring JPA class transformer
2025-09-10 22:21:46.545 [main] INFO  com.zaxxer.hikari.HikariDataSource - HikariPool-1 - Starting...
2025-09-10 22:21:47.127 [main] INFO  com.zaxxer.hikari.pool.HikariPool - HikariPool-1 - Added connection org.postgresql.jdbc.PgConnection@343d1d25
2025-09-10 22:21:47.131 [main] INFO  com.zaxxer.hikari.HikariDataSource - HikariPool-1 - Start completed.
2025-09-10 22:21:47.284 [main] WARN  org.hibernate.orm.deprecation - HHH90000025: PostgreSQLDialect does not need to be specified explicitly using 'hibernate.dialect' (remove the property setting and it will be selected by default)
2025-09-10 22:21:47.346 [main] INFO  o.hibernate.orm.connections.pooling - HHH10001005: Database info:
	Database JDBC URL [Connecting through datasource 'HikariDataSource (HikariPool-1)']
	Database driver: undefined/unknown
	Database version: 17.4
	Autocommit mode: undefined/unknown
	Isolation level: undefined/unknown
	Minimum pool size: undefined/unknown
	Maximum pool size: undefined/unknown
2025-09-10 22:21:49.232 [main] INFO  o.h.e.t.j.p.i.JtaPlatformInitiator - HHH000489: No JTA platform available (set 'hibernate.transaction.jta.platform' to enable JTA platform integration)
2025-09-10 22:21:49.671 [main] INFO  o.s.o.j.LocalContainerEntityManagerFactoryBean - Initialized JPA EntityManagerFactory for persistence unit 'default'
2025-09-10 22:21:50.411 [main] INFO  o.s.d.j.r.query.QueryEnhancerFactory - Hibernate is in classpath; If applicable, HQL parser will be used.
2025-09-10 22:21:51.944 [main] WARN  o.s.b.a.o.j.JpaBaseConfiguration$JpaWebConfiguration - spring.jpa.open-in-view is enabled by default. Therefore, database queries may be performed during view rendering. Explicitly configure spring.jpa.open-in-view to disable this warning
2025-09-10 22:21:52.031 [main] INFO  o.s.b.a.w.s.WelcomePageHandlerMapping - Adding welcome page template: index
2025-09-10 22:21:52.448 [main] INFO  o.s.s.c.a.a.c.InitializeUserDetailsBeanManagerConfigurer$InitializeUserDetailsManagerConfigurer - Global AuthenticationManager configured with UserDetailsService bean with name userService
2025-09-10 22:21:55.629 [main] INFO  o.s.b.w.e.tomcat.TomcatWebServer - Tomcat started on port 8080 (http) with context path '/'
2025-09-10 22:21:55.650 [main] INFO  c.e.GreenPath.GreenPathApplication - Started GreenPathApplication in 15.525 seconds (process running for 16.323)
2025-09-10 22:21:55.661 [cleanup-scheduler-1] DEBUG c.e.G.Controller.User_Controller - Starting scheduled cleanup of expired pending users
2025-09-10 22:21:55.663 [cleanup-scheduler-1] DEBUG c.e.G.Controller.User_Controller - Cleanup completed - No expired items found. Current pending users: 0, Current codes: 0
2025-09-10 22:22:20.008 [http-nio-8080-exec-1] INFO  o.a.c.c.C.[Tomcat].[localhost].[/] - Initializing Spring DispatcherServlet 'dispatcherServlet'
2025-09-10 22:22:20.008 [http-nio-8080-exec-1] INFO  o.s.web.servlet.DispatcherServlet - Initializing Servlet 'dispatcherServlet'
2025-09-10 22:22:20.043 [http-nio-8080-exec-1] INFO  o.s.web.servlet.DispatcherServlet - Completed initialization in 28 ms
2025-09-10 22:26:59.165 [cleanup-scheduler-1] DEBUG c.e.G.Controller.User_Controller - Starting scheduled cleanup of expired pending users
2025-09-10 22:26:59.719 [cleanup-scheduler-1] DEBUG c.e.G.Controller.User_Controller - Cleanup completed - No expired items found. Current pending users: 0, Current codes: 0
2025-09-10 22:31:55.657 [cleanup-scheduler-1] DEBUG c.e.G.Controller.User_Controller - Starting scheduled cleanup of expired pending users
2025-09-10 22:31:55.661 [cleanup-scheduler-1] DEBUG c.e.G.Controller.User_Controller - Cleanup completed - No expired items found. Current pending users: 0, Current codes: 0
2025-09-10 22:36:55.646 [cleanup-scheduler-1] DEBUG c.e.G.Controller.User_Controller - Starting scheduled cleanup of expired pending users
2025-09-10 22:36:55.776 [cleanup-scheduler-1] DEBUG c.e.G.Controller.User_Controller - Cleanup completed - No expired items found. Current pending users: 0, Current codes: 0
2025-09-10 22:41:55.660 [cleanup-scheduler-1] DEBUG c.e.G.Controller.User_Controller - Starting scheduled cleanup of expired pending users
2025-09-10 22:41:55.664 [cleanup-scheduler-1] DEBUG c.e.G.Controller.User_Controller - Cleanup completed - No expired items found. Current pending users: 0, Current codes: 0
2025-09-10 22:44:14.281 [main] INFO  c.e.GreenPath.GreenPathApplication - Starting GreenPathApplication using Java 24.0.1 with PID 21660 (C:\Users\NEPC\Downloads\GreenPath\GreenPath\target\classes started by NEPC in c:\Users\NEPC\Downloads\GreenPath\GreenPath)
2025-09-10 22:44:14.285 [main] INFO  c.e.GreenPath.GreenPathApplication - No active profile set, falling back to 1 default profile: "default"
2025-09-10 22:44:16.426 [main] INFO  o.s.d.r.c.RepositoryConfigurationDelegate - Bootstrapping Spring Data JPA repositories in DEFAULT mode.
2025-09-10 22:44:16.660 [main] INFO  o.s.d.r.c.RepositoryConfigurationDelegate - Finished Spring Data repository scanning in 192 ms. Found 1 JPA repository interface.
2025-09-10 22:44:18.549 [main] INFO  o.s.b.w.e.tomcat.TomcatWebServer - Tomcat initialized with port 8080 (http)
2025-09-10 22:44:18.608 [main] INFO  o.a.catalina.core.StandardService - Starting service [Tomcat]
2025-09-10 22:44:18.610 [main] INFO  o.a.catalina.core.StandardEngine - Starting Servlet engine: [Apache Tomcat/10.1.44]
2025-09-10 22:44:18.838 [main] INFO  o.a.c.c.C.[Tomcat].[localhost].[/] - Initializing Spring embedded WebApplicationContext
2025-09-10 22:44:18.840 [main] INFO  o.s.b.w.s.c.ServletWebServerApplicationContext - Root WebApplicationContext: initialization completed in 4422 ms
2025-09-10 22:44:19.439 [main] INFO  o.h.jpa.internal.util.LogHelper - HHH000204: Processing PersistenceUnitInfo [name: default]
2025-09-10 22:44:19.698 [main] INFO  org.hibernate.Version - HHH000412: Hibernate ORM core version 6.6.26.Final
2025-09-10 22:44:19.825 [main] INFO  o.h.c.i.RegionFactoryInitiator - HHH000026: Second-level cache disabled
2025-09-10 22:44:20.745 [main] INFO  o.s.o.j.p.SpringPersistenceUnitInfo - No LoadTimeWeaver setup: ignoring JPA class transformer
2025-09-10 22:44:20.923 [main] INFO  com.zaxxer.hikari.HikariDataSource - HikariPool-1 - Starting...
2025-09-10 22:44:21.364 [main] INFO  com.zaxxer.hikari.pool.HikariPool - HikariPool-1 - Added connection org.postgresql.jdbc.PgConnection@638977e0
2025-09-10 22:44:21.367 [main] INFO  com.zaxxer.hikari.HikariDataSource - HikariPool-1 - Start completed.
2025-09-10 22:44:21.478 [main] WARN  org.hibernate.orm.deprecation - HHH90000025: PostgreSQLDialect does not need to be specified explicitly using 'hibernate.dialect' (remove the property setting and it will be selected by default)
2025-09-10 22:44:21.532 [main] INFO  o.hibernate.orm.connections.pooling - HHH10001005: Database info:
	Database JDBC URL [Connecting through datasource 'HikariDataSource (HikariPool-1)']
	Database driver: undefined/unknown
	Database version: 17.4
	Autocommit mode: undefined/unknown
	Isolation level: undefined/unknown
	Minimum pool size: undefined/unknown
	Maximum pool size: undefined/unknown
2025-09-10 22:44:23.400 [main] INFO  o.h.e.t.j.p.i.JtaPlatformInitiator - HHH000489: No JTA platform available (set 'hibernate.transaction.jta.platform' to enable JTA platform integration)
2025-09-10 22:44:23.548 [main] INFO  o.s.o.j.LocalContainerEntityManagerFactoryBean - Initialized JPA EntityManagerFactory for persistence unit 'default'
2025-09-10 22:44:24.340 [main] INFO  o.s.d.j.r.query.QueryEnhancerFactory - Hibernate is in classpath; If applicable, HQL parser will be used.
2025-09-10 22:44:26.037 [main] WARN  o.s.b.a.o.j.JpaBaseConfiguration$JpaWebConfiguration - spring.jpa.open-in-view is enabled by default. Therefore, database queries may be performed during view rendering. Explicitly configure spring.jpa.open-in-view to disable this warning
2025-09-10 22:44:26.136 [main] INFO  o.s.b.a.w.s.WelcomePageHandlerMapping - Adding welcome page template: index
2025-09-10 22:44:26.902 [main] INFO  o.s.s.c.a.a.c.InitializeUserDetailsBeanManagerConfigurer$InitializeUserDetailsManagerConfigurer - Global AuthenticationManager configured with UserDetailsService bean with name userService
2025-09-10 22:44:30.265 [main] INFO  o.s.b.w.e.tomcat.TomcatWebServer - Tomcat started on port 8080 (http) with context path '/'
2025-09-10 22:44:30.296 [main] INFO  c.e.GreenPath.GreenPathApplication - Started GreenPathApplication in 17.328 seconds (process running for 18.647)
2025-09-10 22:44:30.305 [cleanup-scheduler-1] DEBUG c.e.G.Controller.User_Controller - Starting scheduled cleanup of expired pending users
2025-09-10 22:44:30.307 [cleanup-scheduler-1] DEBUG c.e.G.Controller.User_Controller - Cleanup completed - No expired items found. Current pending users: 0, Current codes: 0
2025-09-10 22:45:33.748 [http-nio-8080-exec-1] INFO  o.a.c.c.C.[Tomcat].[localhost].[/] - Initializing Spring DispatcherServlet 'dispatcherServlet'
2025-09-10 22:45:33.748 [http-nio-8080-exec-1] INFO  o.s.web.servlet.DispatcherServlet - Initializing Servlet 'dispatcherServlet'
2025-09-10 22:45:33.750 [http-nio-8080-exec-1] INFO  o.s.web.servlet.DispatcherServlet - Completed initialization in 2 ms
2025-09-10 22:49:30.285 [cleanup-scheduler-1] DEBUG c.e.G.Controller.User_Controller - Starting scheduled cleanup of expired pending users
2025-09-10 22:49:30.285 [cleanup-scheduler-1] DEBUG c.e.G.Controller.User_Controller - Cleanup completed - No expired items found. Current pending users: 0, Current codes: 0
2025-09-10 22:51:00.870 [main] INFO  [com.example.GreenPath.GreenPathApplication] [] [] - Starting GreenPathApplication using Java 24.0.1 with PID 7088 (C:\Users\NEPC\Downloads\GreenPath\GreenPath\target\classes started by NEPC in c:\Users\NEPC\Downloads\GreenPath\GreenPath)
2025-09-10 22:51:00.876 [main] INFO  [com.example.GreenPath.GreenPathApplication] [] [] - No active profile set, falling back to 1 default profile: "default"
2025-09-10 22:51:03.274 [main] INFO  [o.s.d.r.config.RepositoryConfigurationDelegate] [] [] - Bootstrapping Spring Data JPA repositories in DEFAULT mode.
2025-09-10 22:51:03.467 [main] INFO  [o.s.d.r.config.RepositoryConfigurationDelegate] [] [] - Finished Spring Data repository scanning in 170 ms. Found 1 JPA repository interface.
2025-09-10 22:51:05.531 [main] INFO  [o.s.boot.web.embedded.tomcat.TomcatWebServer] [] [] - Tomcat initialized with port 8080 (http)
2025-09-10 22:51:05.584 [main] INFO  [org.apache.catalina.core.StandardService] [] [] - Starting service [Tomcat]
2025-09-10 22:51:05.586 [main] INFO  [org.apache.catalina.core.StandardEngine] [] [] - Starting Servlet engine: [Apache Tomcat/10.1.44]
2025-09-10 22:51:05.779 [main] INFO  [o.a.c.core.ContainerBase.[Tomcat].[localhost].[/]] [] [] - Initializing Spring embedded WebApplicationContext
2025-09-10 22:51:05.780 [main] INFO  [o.s.b.w.s.c.ServletWebServerApplicationContext] [] [] - Root WebApplicationContext: initialization completed in 4775 ms
2025-09-10 22:51:06.260 [main] INFO  [org.hibernate.jpa.internal.util.LogHelper] [] [] - HHH000204: Processing PersistenceUnitInfo [name: default]
2025-09-10 22:51:06.484 [main] INFO  [org.hibernate.Version] [] [] - HHH000412: Hibernate ORM core version 6.6.26.Final
2025-09-10 22:51:06.590 [main] INFO  [o.hibernate.cache.internal.RegionFactoryInitiator] [] [] - HHH000026: Second-level cache disabled
2025-09-10 22:51:07.540 [main] INFO  [o.s.o.j.persistenceunit.SpringPersistenceUnitInfo] [] [] - No LoadTimeWeaver setup: ignoring JPA class transformer
2025-09-10 22:51:07.675 [main] INFO  [com.zaxxer.hikari.HikariDataSource] [] [] - HikariPool-1 - Starting...
2025-09-10 22:51:08.177 [main] INFO  [com.zaxxer.hikari.pool.HikariPool] [] [] - HikariPool-1 - Added connection org.postgresql.jdbc.PgConnection@416c8bb5
2025-09-10 22:51:08.181 [main] INFO  [com.zaxxer.hikari.HikariDataSource] [] [] - HikariPool-1 - Start completed.
2025-09-10 22:51:08.285 [main] WARN  [org.hibernate.orm.deprecation] [] [] - HHH90000025: PostgreSQLDialect does not need to be specified explicitly using 'hibernate.dialect' (remove the property setting and it will be selected by default)
2025-09-10 22:51:08.340 [main] INFO  [org.hibernate.orm.connections.pooling] [] [] - HHH10001005: Database info:
	Database JDBC URL [Connecting through datasource 'HikariDataSource (HikariPool-1)']
	Database driver: undefined/unknown
	Database version: 17.4
	Autocommit mode: undefined/unknown
	Isolation level: undefined/unknown
	Minimum pool size: undefined/unknown
	Maximum pool size: undefined/unknown
2025-09-10 22:51:10.072 [main] INFO  [o.h.e.t.jta.platform.internal.JtaPlatformInitiator] [] [] - HHH000489: No JTA platform available (set 'hibernate.transaction.jta.platform' to enable JTA platform integration)
2025-09-10 22:51:10.209 [main] INFO  [o.s.orm.jpa.LocalContainerEntityManagerFactoryBean] [] [] - Initialized JPA EntityManagerFactory for persistence unit 'default'
2025-09-10 22:51:10.988 [main] INFO  [o.s.data.jpa.repository.query.QueryEnhancerFactory] [] [] - Hibernate is in classpath; If applicable, HQL parser will be used.
2025-09-10 22:51:12.758 [main] WARN  [o.s.b.a.o.j.JpaBaseConfiguration$JpaWebConfiguration] [] [] - spring.jpa.open-in-view is enabled by default. Therefore, database queries may be performed during view rendering. Explicitly configure spring.jpa.open-in-view to disable this warning
2025-09-10 22:51:12.849 [main] INFO  [o.s.b.a.web.servlet.WelcomePageHandlerMapping] [] [] - Adding welcome page template: index
2025-09-10 22:51:16.417 [main] INFO  [o.s.boot.web.embedded.tomcat.TomcatWebServer] [] [] - Tomcat started on port 8080 (http) with context path '/'
2025-09-10 22:51:16.459 [main] INFO  [com.example.GreenPath.GreenPathApplication] [] [] - Started GreenPathApplication in 17.04 seconds (process running for 19.14)
2025-09-10 22:51:16.465 [cleanup-scheduler-1] DEBUG [com.example.GreenPath.Controller.User_Controller] [] [] - === SCHEDULED CLEANUP START ===
2025-09-10 22:51:16.466 [cleanup-scheduler-1] DEBUG [com.example.GreenPath.Controller.User_Controller] [] [] - Starting cleanup - Current pending users: 0, Current codes: 0
2025-09-10 22:51:16.469 [cleanup-scheduler-1] DEBUG [com.example.GreenPath.Controller.User_Controller] [] [] - === CLEANUP COMPLETED === No expired items found in 3ms. Current - Pending users: 0, Codes: 0
2025-09-10 22:51:31.452 [http-nio-8080-exec-1] INFO  [o.a.c.core.ContainerBase.[Tomcat].[localhost].[/]] [] [] - Initializing Spring DispatcherServlet 'dispatcherServlet'
2025-09-10 22:51:31.453 [http-nio-8080-exec-1] INFO  [org.springframework.web.servlet.DispatcherServlet] [] [] - Initializing Servlet 'dispatcherServlet'
2025-09-10 22:51:31.454 [http-nio-8080-exec-1] DEBUG [org.springframework.web.servlet.DispatcherServlet] [] [] - Detected StandardServletMultipartResolver
2025-09-10 22:51:31.454 [http-nio-8080-exec-1] DEBUG [org.springframework.web.servlet.DispatcherServlet] [] [] - Detected AcceptHeaderLocaleResolver
2025-09-10 22:51:31.454 [http-nio-8080-exec-1] DEBUG [org.springframework.web.servlet.DispatcherServlet] [] [] - Detected FixedThemeResolver
2025-09-10 22:51:31.456 [http-nio-8080-exec-1] DEBUG [org.springframework.web.servlet.DispatcherServlet] [] [] - Detected org.springframework.web.servlet.view.DefaultRequestToViewNameTranslator@50df710a
2025-09-10 22:51:31.457 [http-nio-8080-exec-1] DEBUG [org.springframework.web.servlet.DispatcherServlet] [] [] - Detected org.springframework.web.servlet.support.SessionFlashMapManager@2659225a
2025-09-10 22:51:31.459 [http-nio-8080-exec-1] DEBUG [org.springframework.web.servlet.DispatcherServlet] [] [] - enableLoggingRequestDetails='false': request parameters and headers will be masked to prevent unsafe logging of potentially sensitive data
2025-09-10 22:51:31.460 [http-nio-8080-exec-1] INFO  [org.springframework.web.servlet.DispatcherServlet] [] [] - Completed initialization in 6 ms
2025-09-10 22:51:31.603 [http-nio-8080-exec-3] DEBUG [org.springframework.web.servlet.DispatcherServlet] [] [] - GET "/login", parameters={}
2025-09-10 22:51:32.091 [http-nio-8080-exec-3] DEBUG [org.springframework.web.servlet.DispatcherServlet] [] [] - Completed 200 OK
2025-09-10 22:52:31.582 [http-nio-8080-exec-5] DEBUG [org.springframework.web.servlet.DispatcherServlet] [] [] - GET "/login", parameters={}
2025-09-10 22:52:31.590 [http-nio-8080-exec-5] DEBUG [org.springframework.web.servlet.DispatcherServlet] [] [] - Completed 200 OK
2025-09-10 22:53:23.082 [http-nio-8080-exec-9] DEBUG [org.springframework.web.servlet.DispatcherServlet] [] [] - GET "/login", parameters={}
2025-09-10 22:53:23.094 [http-nio-8080-exec-9] DEBUG [org.springframework.web.servlet.DispatcherServlet] [] [] - Completed 200 OK
2025-09-10 22:53:25.958 [http-nio-8080-exec-10] DEBUG [org.springframework.web.servlet.DispatcherServlet] [] [] - GET "/login", parameters={}
2025-09-10 22:53:25.964 [http-nio-8080-exec-10] DEBUG [org.springframework.web.servlet.DispatcherServlet] [] [] - Completed 200 OK
2025-09-10 22:56:16.442 [cleanup-scheduler-1] DEBUG [com.example.GreenPath.Controller.User_Controller] [] [] - === SCHEDULED CLEANUP START ===
2025-09-10 22:56:16.445 [cleanup-scheduler-1] DEBUG [com.example.GreenPath.Controller.User_Controller] [] [] - Starting cleanup - Current pending users: 0, Current codes: 0
2025-09-10 22:56:16.446 [cleanup-scheduler-1] DEBUG [com.example.GreenPath.Controller.User_Controller] [] [] - === CLEANUP COMPLETED === No expired items found in 1ms. Current - Pending users: 0, Codes: 0
2025-09-10 23:00:39.630 [http-nio-8080-exec-3] DEBUG [org.springframework.web.servlet.DispatcherServlet] [] [] - GET "/login", parameters={}
2025-09-10 23:00:39.671 [http-nio-8080-exec-3] DEBUG [org.springframework.web.servlet.DispatcherServlet] [] [] - Completed 200 OK
2025-09-10 23:01:16.451 [cleanup-scheduler-1] DEBUG [com.example.GreenPath.Controller.User_Controller] [] [] - === SCHEDULED CLEANUP START ===
2025-09-10 23:01:16.452 [cleanup-scheduler-1] DEBUG [com.example.GreenPath.Controller.User_Controller] [] [] - Starting cleanup - Current pending users: 0, Current codes: 0
2025-09-10 23:01:16.453 [cleanup-scheduler-1] DEBUG [com.example.GreenPath.Controller.User_Controller] [] [] - === CLEANUP COMPLETED === No expired items found in 1ms. Current - Pending users: 0, Codes: 0
2025-09-10 23:06:16.441 [cleanup-scheduler-1] DEBUG [com.example.GreenPath.Controller.User_Controller] [] [] - === SCHEDULED CLEANUP START ===
2025-09-10 23:06:16.441 [cleanup-scheduler-1] DEBUG [com.example.GreenPath.Controller.User_Controller] [] [] - Starting cleanup - Current pending users: 0, Current codes: 0
2025-09-10 23:06:16.442 [cleanup-scheduler-1] DEBUG [com.example.GreenPath.Controller.User_Controller] [] [] - === CLEANUP COMPLETED === No expired items found in 1ms. Current - Pending users: 0, Codes: 0
2025-09-10 23:06:41.145 [http-nio-8080-exec-9] DEBUG [org.springframework.web.servlet.DispatcherServlet] [] [] - GET "/login", parameters={}
2025-09-10 23:06:41.153 [http-nio-8080-exec-9] DEBUG [org.springframework.web.servlet.DispatcherServlet] [] [] - Completed 200 OK
2025-09-10 23:07:31.830 [http-nio-8080-exec-10] DEBUG [org.springframework.web.servlet.DispatcherServlet] [] [] - GET "/login", parameters={}
2025-09-10 23:07:31.837 [http-nio-8080-exec-10] DEBUG [org.springframework.web.servlet.DispatcherServlet] [] [] - Completed 200 OK
2025-09-10 23:07:36.156 [http-nio-8080-exec-2] DEBUG [org.springframework.web.servlet.DispatcherServlet] [] [] - GET "/login", parameters={}
2025-09-10 23:07:36.166 [http-nio-8080-exec-2] DEBUG [org.springframework.web.servlet.DispatcherServlet] [] [] - Completed 200 OK
2025-09-10 23:11:17.584 [main] INFO  [com.example.GreenPath.GreenPathApplication] [] [] - Starting GreenPathApplication using Java 24.0.1 with PID 21508 (C:\Users\NEPC\Downloads\GreenPath\GreenPath\target\classes started by NEPC in c:\Users\NEPC\Downloads\GreenPath\GreenPath)
2025-09-10 23:11:17.596 [main] INFO  [com.example.GreenPath.GreenPathApplication] [] [] - No active profile set, falling back to 1 default profile: "default"
2025-09-10 23:11:24.668 [main] INFO  [o.s.d.r.config.RepositoryConfigurationDelegate] [] [] - Bootstrapping Spring Data JPA repositories in DEFAULT mode.
2025-09-10 23:11:24.820 [main] INFO  [o.s.d.r.config.RepositoryConfigurationDelegate] [] [] - Finished Spring Data repository scanning in 120 ms. Found 1 JPA repository interface.
2025-09-10 23:11:29.093 [main] INFO  [o.s.boot.web.embedded.tomcat.TomcatWebServer] [] [] - Tomcat initialized with port 8080 (http)
2025-09-10 23:11:29.162 [main] INFO  [org.apache.catalina.core.StandardService] [] [] - Starting service [Tomcat]
2025-09-10 23:11:29.164 [main] INFO  [org.apache.catalina.core.StandardEngine] [] [] - Starting Servlet engine: [Apache Tomcat/10.1.44]
2025-09-10 23:11:29.355 [main] INFO  [o.a.c.core.ContainerBase.[Tomcat].[localhost].[/]] [] [] - Initializing Spring embedded WebApplicationContext
2025-09-10 23:11:29.355 [main] INFO  [o.s.b.w.s.c.ServletWebServerApplicationContext] [] [] - Root WebApplicationContext: initialization completed in 11463 ms
2025-09-10 23:11:29.923 [main] INFO  [org.hibernate.jpa.internal.util.LogHelper] [] [] - HHH000204: Processing PersistenceUnitInfo [name: default]
2025-09-10 23:11:30.248 [main] INFO  [org.hibernate.Version] [] [] - HHH000412: Hibernate ORM core version 6.6.26.Final
2025-09-10 23:11:30.366 [main] INFO  [o.hibernate.cache.internal.RegionFactoryInitiator] [] [] - HHH000026: Second-level cache disabled
2025-09-10 23:11:31.471 [main] INFO  [o.s.o.j.persistenceunit.SpringPersistenceUnitInfo] [] [] - No LoadTimeWeaver setup: ignoring JPA class transformer
2025-09-10 23:11:31.578 [main] INFO  [com.zaxxer.hikari.HikariDataSource] [] [] - HikariPool-1 - Starting...
2025-09-10 23:11:32.409 [main] INFO  [com.zaxxer.hikari.pool.HikariPool] [] [] - HikariPool-1 - Added connection org.postgresql.jdbc.PgConnection@2d0f548a
2025-09-10 23:11:32.418 [main] INFO  [com.zaxxer.hikari.HikariDataSource] [] [] - HikariPool-1 - Start completed.
2025-09-10 23:11:33.248 [main] WARN  [org.hibernate.orm.deprecation] [] [] - HHH90000025: PostgreSQLDialect does not need to be specified explicitly using 'hibernate.dialect' (remove the property setting and it will be selected by default)
2025-09-10 23:11:33.348 [main] INFO  [org.hibernate.orm.connections.pooling] [] [] - HHH10001005: Database info:
	Database JDBC URL [Connecting through datasource 'HikariDataSource (HikariPool-1)']
	Database driver: undefined/unknown
	Database version: 17.4
	Autocommit mode: undefined/unknown
	Isolation level: undefined/unknown
	Minimum pool size: undefined/unknown
	Maximum pool size: undefined/unknown
2025-09-10 23:11:35.478 [main] INFO  [o.h.e.t.jta.platform.internal.JtaPlatformInitiator] [] [] - HHH000489: No JTA platform available (set 'hibernate.transaction.jta.platform' to enable JTA platform integration)
2025-09-10 23:11:35.788 [main] INFO  [o.s.orm.jpa.LocalContainerEntityManagerFactoryBean] [] [] - Initialized JPA EntityManagerFactory for persistence unit 'default'
2025-09-10 23:11:36.489 [main] INFO  [o.s.data.jpa.repository.query.QueryEnhancerFactory] [] [] - Hibernate is in classpath; If applicable, HQL parser will be used.
2025-09-10 23:11:38.412 [main] WARN  [o.s.b.a.o.j.JpaBaseConfiguration$JpaWebConfiguration] [] [] - spring.jpa.open-in-view is enabled by default. Therefore, database queries may be performed during view rendering. Explicitly configure spring.jpa.open-in-view to disable this warning
2025-09-10 23:11:38.508 [main] INFO  [o.s.b.a.web.servlet.WelcomePageHandlerMapping] [] [] - Adding welcome page template: index
2025-09-10 23:11:42.925 [main] INFO  [o.s.boot.web.embedded.tomcat.TomcatWebServer] [] [] - Tomcat started on port 8080 (http) with context path '/'
2025-09-10 23:11:42.953 [main] INFO  [com.example.GreenPath.GreenPathApplication] [] [] - Started GreenPathApplication in 46.495 seconds (process running for 47.893)
2025-09-10 23:11:42.968 [cleanup-scheduler-1] DEBUG [com.example.GreenPath.Controller.User_Controller] [] [] - === SCHEDULED CLEANUP START ===
2025-09-10 23:11:42.970 [cleanup-scheduler-1] DEBUG [com.example.GreenPath.Controller.User_Controller] [] [] - Starting cleanup - Current pending users: 0, Current codes: 0
2025-09-10 23:11:42.970 [cleanup-scheduler-1] DEBUG [com.example.GreenPath.Controller.User_Controller] [] [] - === CLEANUP COMPLETED === No expired items found in 0ms. Current - Pending users: 0, Codes: 0
2025-09-10 23:13:25.003 [http-nio-8080-exec-1] INFO  [o.a.c.core.ContainerBase.[Tomcat].[localhost].[/]] [] [] - Initializing Spring DispatcherServlet 'dispatcherServlet'
2025-09-10 23:13:25.004 [http-nio-8080-exec-1] INFO  [org.springframework.web.servlet.DispatcherServlet] [] [] - Initializing Servlet 'dispatcherServlet'
2025-09-10 23:13:25.004 [http-nio-8080-exec-1] DEBUG [org.springframework.web.servlet.DispatcherServlet] [] [] - Detected StandardServletMultipartResolver
2025-09-10 23:13:25.005 [http-nio-8080-exec-1] DEBUG [org.springframework.web.servlet.DispatcherServlet] [] [] - Detected AcceptHeaderLocaleResolver
2025-09-10 23:13:25.005 [http-nio-8080-exec-1] DEBUG [org.springframework.web.servlet.DispatcherServlet] [] [] - Detected FixedThemeResolver
2025-09-10 23:13:25.007 [http-nio-8080-exec-1] DEBUG [org.springframework.web.servlet.DispatcherServlet] [] [] - Detected org.springframework.web.servlet.view.DefaultRequestToViewNameTranslator@6383ea52
2025-09-10 23:13:25.008 [http-nio-8080-exec-1] DEBUG [org.springframework.web.servlet.DispatcherServlet] [] [] - Detected org.springframework.web.servlet.support.SessionFlashMapManager@2f04c1f3
2025-09-10 23:13:25.011 [http-nio-8080-exec-1] DEBUG [org.springframework.web.servlet.DispatcherServlet] [] [] - enableLoggingRequestDetails='false': request parameters and headers will be masked to prevent unsafe logging of potentially sensitive data
2025-09-10 23:13:25.013 [http-nio-8080-exec-1] INFO  [org.springframework.web.servlet.DispatcherServlet] [] [] - Completed initialization in 9 ms
2025-09-10 23:13:25.194 [http-nio-8080-exec-3] DEBUG [org.springframework.web.servlet.DispatcherServlet] [] [] - GET "/login", parameters={}
2025-09-10 23:13:25.584 [http-nio-8080-exec-3] DEBUG [org.springframework.web.servlet.DispatcherServlet] [] [] - Completed 200 OK
2025-09-10 23:13:38.955 [http-nio-8080-exec-5] DEBUG [org.springframework.web.servlet.DispatcherServlet] [] [] - GET "/login", parameters={}
2025-09-10 23:13:38.965 [http-nio-8080-exec-5] DEBUG [org.springframework.web.servlet.DispatcherServlet] [] [] - Completed 200 OK
2025-09-10 23:16:42.952 [cleanup-scheduler-1] DEBUG [com.example.GreenPath.Controller.User_Controller] [] [] - === SCHEDULED CLEANUP START ===
2025-09-10 23:16:42.953 [cleanup-scheduler-1] DEBUG [com.example.GreenPath.Controller.User_Controller] [] [] - Starting cleanup - Current pending users: 0, Current codes: 0
2025-09-10 23:16:42.954 [cleanup-scheduler-1] DEBUG [com.example.GreenPath.Controller.User_Controller] [] [] - === CLEANUP COMPLETED === No expired items found in 1ms. Current - Pending users: 0, Codes: 0
2025-09-10 23:19:36.667 [main] INFO  [com.example.GreenPath.GreenPathApplication] [] [] - Starting GreenPathApplication using Java 24.0.1 with PID 4780 (C:\Users\NEPC\Downloads\GreenPath\GreenPath\target\classes started by NEPC in c:\Users\NEPC\Downloads\GreenPath\GreenPath)
2025-09-10 23:19:36.675 [main] INFO  [com.example.GreenPath.GreenPathApplication] [] [] - No active profile set, falling back to 1 default profile: "default"
2025-09-10 23:19:39.310 [main] INFO  [o.s.d.r.config.RepositoryConfigurationDelegate] [] [] - Bootstrapping Spring Data JPA repositories in DEFAULT mode.
2025-09-10 23:19:39.498 [main] INFO  [o.s.d.r.config.RepositoryConfigurationDelegate] [] [] - Finished Spring Data repository scanning in 160 ms. Found 1 JPA repository interface.
2025-09-10 23:19:41.514 [main] INFO  [o.s.boot.web.embedded.tomcat.TomcatWebServer] [] [] - Tomcat initialized with port 8080 (http)
2025-09-10 23:19:41.558 [main] INFO  [org.apache.catalina.core.StandardService] [] [] - Starting service [Tomcat]
2025-09-10 23:19:41.560 [main] INFO  [org.apache.catalina.core.StandardEngine] [] [] - Starting Servlet engine: [Apache Tomcat/10.1.44]
2025-09-10 23:19:41.715 [main] INFO  [o.a.c.core.ContainerBase.[Tomcat].[localhost].[/]] [] [] - Initializing Spring embedded WebApplicationContext
2025-09-10 23:19:41.716 [main] INFO  [o.s.b.w.s.c.ServletWebServerApplicationContext] [] [] - Root WebApplicationContext: initialization completed in 4870 ms
2025-09-10 23:19:42.428 [main] INFO  [org.hibernate.jpa.internal.util.LogHelper] [] [] - HHH000204: Processing PersistenceUnitInfo [name: default]
2025-09-10 23:19:42.693 [main] INFO  [org.hibernate.Version] [] [] - HHH000412: Hibernate ORM core version 6.6.26.Final
2025-09-10 23:19:42.846 [main] INFO  [o.hibernate.cache.internal.RegionFactoryInitiator] [] [] - HHH000026: Second-level cache disabled
2025-09-10 23:19:43.784 [main] INFO  [o.s.o.j.persistenceunit.SpringPersistenceUnitInfo] [] [] - No LoadTimeWeaver setup: ignoring JPA class transformer
2025-09-10 23:19:43.874 [main] INFO  [com.zaxxer.hikari.HikariDataSource] [] [] - HikariPool-1 - Starting...
2025-09-10 23:19:44.330 [main] INFO  [com.zaxxer.hikari.pool.HikariPool] [] [] - HikariPool-1 - Added connection org.postgresql.jdbc.PgConnection@416c8bb5
2025-09-10 23:19:44.334 [main] INFO  [com.zaxxer.hikari.HikariDataSource] [] [] - HikariPool-1 - Start completed.
2025-09-10 23:19:44.475 [main] WARN  [org.hibernate.orm.deprecation] [] [] - HHH90000025: PostgreSQLDialect does not need to be specified explicitly using 'hibernate.dialect' (remove the property setting and it will be selected by default)
2025-09-10 23:19:44.534 [main] INFO  [org.hibernate.orm.connections.pooling] [] [] - HHH10001005: Database info:
	Database JDBC URL [Connecting through datasource 'HikariDataSource (HikariPool-1)']
	Database driver: undefined/unknown
	Database version: 17.4
	Autocommit mode: undefined/unknown
	Isolation level: undefined/unknown
	Minimum pool size: undefined/unknown
	Maximum pool size: undefined/unknown
2025-09-10 23:19:46.931 [main] INFO  [o.h.e.t.jta.platform.internal.JtaPlatformInitiator] [] [] - HHH000489: No JTA platform available (set 'hibernate.transaction.jta.platform' to enable JTA platform integration)
2025-09-10 23:19:47.096 [main] INFO  [o.s.orm.jpa.LocalContainerEntityManagerFactoryBean] [] [] - Initialized JPA EntityManagerFactory for persistence unit 'default'
2025-09-10 23:19:47.911 [main] INFO  [o.s.data.jpa.repository.query.QueryEnhancerFactory] [] [] - Hibernate is in classpath; If applicable, HQL parser will be used.
2025-09-10 23:19:49.716 [main] WARN  [o.s.b.a.o.j.JpaBaseConfiguration$JpaWebConfiguration] [] [] - spring.jpa.open-in-view is enabled by default. Therefore, database queries may be performed during view rendering. Explicitly configure spring.jpa.open-in-view to disable this warning
2025-09-10 23:19:49.825 [main] INFO  [o.s.b.a.web.servlet.WelcomePageHandlerMapping] [] [] - Adding welcome page template: index
2025-09-10 23:19:53.654 [main] INFO  [o.s.boot.web.embedded.tomcat.TomcatWebServer] [] [] - Tomcat started on port 8080 (http) with context path '/'
2025-09-10 23:19:53.692 [main] INFO  [com.example.GreenPath.GreenPathApplication] [] [] - Started GreenPathApplication in 19.321 seconds (process running for 21.043)
2025-09-10 23:19:53.708 [cleanup-scheduler-1] DEBUG [com.example.GreenPath.Controller.User_Controller] [] [] - === SCHEDULED CLEANUP START ===
2025-09-10 23:19:53.712 [cleanup-scheduler-1] DEBUG [com.example.GreenPath.Controller.User_Controller] [] [] - Starting cleanup - Current pending users: 0, Current codes: 0
2025-09-10 23:19:53.714 [cleanup-scheduler-1] DEBUG [com.example.GreenPath.Controller.User_Controller] [] [] - === CLEANUP COMPLETED === No expired items found in 2ms. Current - Pending users: 0, Codes: 0
2025-09-10 23:20:04.346 [http-nio-8080-exec-3] INFO  [o.a.c.core.ContainerBase.[Tomcat].[localhost].[/]] [] [] - Initializing Spring DispatcherServlet 'dispatcherServlet'
2025-09-10 23:20:04.347 [http-nio-8080-exec-3] INFO  [org.springframework.web.servlet.DispatcherServlet] [] [] - Initializing Servlet 'dispatcherServlet'
2025-09-10 23:20:04.348 [http-nio-8080-exec-3] DEBUG [org.springframework.web.servlet.DispatcherServlet] [] [] - Detected StandardServletMultipartResolver
2025-09-10 23:20:04.348 [http-nio-8080-exec-3] DEBUG [org.springframework.web.servlet.DispatcherServlet] [] [] - Detected AcceptHeaderLocaleResolver
2025-09-10 23:20:04.349 [http-nio-8080-exec-3] DEBUG [org.springframework.web.servlet.DispatcherServlet] [] [] - Detected FixedThemeResolver
2025-09-10 23:20:04.351 [http-nio-8080-exec-3] DEBUG [org.springframework.web.servlet.DispatcherServlet] [] [] - Detected org.springframework.web.servlet.view.DefaultRequestToViewNameTranslator@6e323a5d
2025-09-10 23:20:04.352 [http-nio-8080-exec-3] DEBUG [org.springframework.web.servlet.DispatcherServlet] [] [] - Detected org.springframework.web.servlet.support.SessionFlashMapManager@7c9cecfb
2025-09-10 23:20:04.354 [http-nio-8080-exec-3] DEBUG [org.springframework.web.servlet.DispatcherServlet] [] [] - enableLoggingRequestDetails='false': request parameters and headers will be masked to prevent unsafe logging of potentially sensitive data
2025-09-10 23:20:04.354 [http-nio-8080-exec-3] INFO  [org.springframework.web.servlet.DispatcherServlet] [] [] - Completed initialization in 7 ms
2025-09-10 23:20:04.512 [http-nio-8080-exec-3] DEBUG [org.springframework.web.servlet.DispatcherServlet] [] [] - GET "/login", parameters={}
2025-09-10 23:20:05.052 [http-nio-8080-exec-3] DEBUG [org.springframework.web.servlet.DispatcherServlet] [] [] - Completed 200 OK
2025-09-10 23:20:13.853 [http-nio-8080-exec-5] DEBUG [org.springframework.web.servlet.DispatcherServlet] [] [] - GET "/login", parameters={}
2025-09-10 23:20:13.872 [http-nio-8080-exec-5] DEBUG [org.springframework.web.servlet.DispatcherServlet] [] [] - Completed 200 OK
2025-09-10 23:24:53.695 [cleanup-scheduler-1] DEBUG [com.example.GreenPath.Controller.User_Controller] [] [] - === SCHEDULED CLEANUP START ===
2025-09-10 23:24:53.695 [cleanup-scheduler-1] DEBUG [com.example.GreenPath.Controller.User_Controller] [] [] - Starting cleanup - Current pending users: 0, Current codes: 0
2025-09-10 23:24:53.705 [cleanup-scheduler-1] DEBUG [com.example.GreenPath.Controller.User_Controller] [] [] - === CLEANUP COMPLETED === No expired items found in 10ms. Current - Pending users: 0, Codes: 0
2025-09-10 23:28:12.294 [http-nio-8080-exec-7] DEBUG [org.springframework.web.servlet.DispatcherServlet] [] [] - GET "/signup", parameters={}
2025-09-10 23:28:12.584 [http-nio-8080-exec-7] DEBUG [org.springframework.web.servlet.DispatcherServlet] [] [] - Completed 200 OK
2025-09-10 23:28:12.741 [http-nio-8080-exec-8] DEBUG [org.springframework.web.servlet.DispatcherServlet] [] [] - GET "/css/auth.css", parameters={}
2025-09-10 23:28:12.741 [http-nio-8080-exec-6] DEBUG [org.springframework.web.servlet.DispatcherServlet] [] [] - GET "/js/auth-validation.js", parameters={}
2025-09-10 23:28:12.844 [http-nio-8080-exec-8] DEBUG [org.springframework.web.servlet.DispatcherServlet] [] [] - Completed 200 OK
2025-09-10 23:28:12.899 [http-nio-8080-exec-6] DEBUG [org.springframework.web.servlet.DispatcherServlet] [] [] - Completed 200 OK
2025-09-10 23:28:12.929 [http-nio-8080-exec-10] DEBUG [org.springframework.web.servlet.DispatcherServlet] [] [] - GET "/images/farmer_herders.jpg", parameters={}
2025-09-10 23:28:12.941 [http-nio-8080-exec-10] DEBUG [org.springframework.web.servlet.DispatcherServlet] [] [] - Completed 200 OK
2025-09-10 23:28:13.073 [http-nio-8080-exec-9] DEBUG [org.springframework.web.servlet.DispatcherServlet] [] [] - GET "/favicon.ico", parameters={}
2025-09-10 23:28:13.136 [http-nio-8080-exec-9] DEBUG [org.springframework.web.servlet.DispatcherServlet] [] [] - Completed 404 NOT_FOUND
2025-09-10 23:28:13.218 [http-nio-8080-exec-1] DEBUG [org.springframework.web.servlet.DispatcherServlet] [] [] - GET "/login", parameters={}
2025-09-10 23:28:13.257 [http-nio-8080-exec-1] DEBUG [org.springframework.web.servlet.DispatcherServlet] [] [] - Completed 200 OK
2025-09-10 23:29:53.677 [cleanup-scheduler-1] DEBUG [com.example.GreenPath.Controller.User_Controller] [] [] - === SCHEDULED CLEANUP START ===
2025-09-10 23:29:53.677 [cleanup-scheduler-1] DEBUG [com.example.GreenPath.Controller.User_Controller] [] [] - Starting cleanup - Current pending users: 0, Current codes: 0
2025-09-10 23:29:53.677 [cleanup-scheduler-1] DEBUG [com.example.GreenPath.Controller.User_Controller] [] [] - === CLEANUP COMPLETED === No expired items found in 0ms. Current - Pending users: 0, Codes: 0
2025-09-10 23:33:31.480 [http-nio-8080-exec-7] DEBUG [org.springframework.web.servlet.DispatcherServlet] [] [] - GET "/login", parameters={}
2025-09-10 23:33:31.520 [http-nio-8080-exec-7] DEBUG [org.springframework.web.servlet.DispatcherServlet] [] [] - Completed 200 OK
2025-09-10 23:34:53.684 [cleanup-scheduler-2] DEBUG [com.example.GreenPath.Controller.User_Controller] [] [] - === SCHEDULED CLEANUP START ===
2025-09-10 23:34:53.686 [cleanup-scheduler-2] DEBUG [com.example.GreenPath.Controller.User_Controller] [] [] - Starting cleanup - Current pending users: 0, Current codes: 0
2025-09-10 23:34:53.687 [cleanup-scheduler-2] DEBUG [com.example.GreenPath.Controller.User_Controller] [] [] - === CLEANUP COMPLETED === No expired items found in 1ms. Current - Pending users: 0, Codes: 0
2025-09-10 23:39:53.675 [cleanup-scheduler-2] DEBUG [com.example.GreenPath.Controller.User_Controller] [] [] - === SCHEDULED CLEANUP START ===
2025-09-10 23:39:53.677 [cleanup-scheduler-2] DEBUG [com.example.GreenPath.Controller.User_Controller] [] [] - Starting cleanup - Current pending users: 0, Current codes: 0
2025-09-10 23:39:53.677 [cleanup-scheduler-2] DEBUG [com.example.GreenPath.Controller.User_Controller] [] [] - === CLEANUP COMPLETED === No expired items found in 0ms. Current - Pending users: 0, Codes: 0
2025-09-10 23:44:44.575 [main] INFO  [com.example.GreenPath.GreenPathApplication] [] [] - Starting GreenPathApplication using Java 24.0.1 with PID 13856 (C:\Users\NEPC\Downloads\GreenPath\GreenPath\target\classes started by NEPC in c:\Users\NEPC\Downloads\GreenPath\GreenPath)
2025-09-10 23:44:44.586 [main] INFO  [com.example.GreenPath.GreenPathApplication] [] [] - No active profile set, falling back to 1 default profile: "default"
2025-09-10 23:44:49.162 [main] INFO  [o.s.d.r.config.RepositoryConfigurationDelegate] [] [] - Bootstrapping Spring Data JPA repositories in DEFAULT mode.
2025-09-10 23:44:49.380 [main] INFO  [o.s.d.r.config.RepositoryConfigurationDelegate] [] [] - Finished Spring Data repository scanning in 178 ms. Found 1 JPA repository interface.
2025-09-10 23:44:51.181 [main] INFO  [o.s.boot.web.embedded.tomcat.TomcatWebServer] [] [] - Tomcat initialized with port 8080 (http)
2025-09-10 23:44:51.241 [main] INFO  [org.apache.catalina.core.StandardService] [] [] - Starting service [Tomcat]
2025-09-10 23:44:51.241 [main] INFO  [org.apache.catalina.core.StandardEngine] [] [] - Starting Servlet engine: [Apache Tomcat/10.1.44]
2025-09-10 23:44:51.424 [main] INFO  [o.a.c.core.ContainerBase.[Tomcat].[localhost].[/]] [] [] - Initializing Spring embedded WebApplicationContext
2025-09-10 23:44:51.424 [main] INFO  [o.s.b.w.s.c.ServletWebServerApplicationContext] [] [] - Root WebApplicationContext: initialization completed in 6423 ms
2025-09-10 23:44:51.872 [main] INFO  [org.hibernate.jpa.internal.util.LogHelper] [] [] - HHH000204: Processing PersistenceUnitInfo [name: default]
2025-09-10 23:44:52.031 [main] INFO  [org.hibernate.Version] [] [] - HHH000412: Hibernate ORM core version 6.6.26.Final
2025-09-10 23:44:52.118 [main] INFO  [o.hibernate.cache.internal.RegionFactoryInitiator] [] [] - HHH000026: Second-level cache disabled
2025-09-10 23:44:52.781 [main] INFO  [o.s.o.j.persistenceunit.SpringPersistenceUnitInfo] [] [] - No LoadTimeWeaver setup: ignoring JPA class transformer
2025-09-10 23:44:52.851 [main] INFO  [com.zaxxer.hikari.HikariDataSource] [] [] - HikariPool-1 - Starting...
2025-09-10 23:44:53.401 [main] INFO  [com.zaxxer.hikari.pool.HikariPool] [] [] - HikariPool-1 - Added connection org.postgresql.jdbc.PgConnection@416c8bb5
2025-09-10 23:44:53.407 [main] INFO  [com.zaxxer.hikari.HikariDataSource] [] [] - HikariPool-1 - Start completed.
2025-09-10 23:44:53.550 [main] WARN  [org.hibernate.orm.deprecation] [] [] - HHH90000025: PostgreSQLDialect does not need to be specified explicitly using 'hibernate.dialect' (remove the property setting and it will be selected by default)
2025-09-10 23:44:53.607 [main] INFO  [org.hibernate.orm.connections.pooling] [] [] - HHH10001005: Database info:
	Database JDBC URL [Connecting through datasource 'HikariDataSource (HikariPool-1)']
	Database driver: undefined/unknown
	Database version: 17.4
	Autocommit mode: undefined/unknown
	Isolation level: undefined/unknown
	Minimum pool size: undefined/unknown
	Maximum pool size: undefined/unknown
2025-09-10 23:44:55.421 [main] INFO  [o.h.e.t.jta.platform.internal.JtaPlatformInitiator] [] [] - HHH000489: No JTA platform available (set 'hibernate.transaction.jta.platform' to enable JTA platform integration)
2025-09-10 23:44:55.606 [main] INFO  [o.s.orm.jpa.LocalContainerEntityManagerFactoryBean] [] [] - Initialized JPA EntityManagerFactory for persistence unit 'default'
2025-09-10 23:44:56.394 [main] INFO  [o.s.data.jpa.repository.query.QueryEnhancerFactory] [] [] - Hibernate is in classpath; If applicable, HQL parser will be used.
2025-09-10 23:44:58.524 [main] WARN  [o.s.b.a.o.j.JpaBaseConfiguration$JpaWebConfiguration] [] [] - spring.jpa.open-in-view is enabled by default. Therefore, database queries may be performed during view rendering. Explicitly configure spring.jpa.open-in-view to disable this warning
2025-09-10 23:44:58.654 [main] INFO  [o.s.b.a.web.servlet.WelcomePageHandlerMapping] [] [] - Adding welcome page template: index
2025-09-10 23:45:02.566 [main] INFO  [o.s.boot.web.embedded.tomcat.TomcatWebServer] [] [] - Tomcat started on port 8080 (http) with context path '/'
2025-09-10 23:45:02.602 [main] INFO  [com.example.GreenPath.GreenPathApplication] [] [] - Started GreenPathApplication in 20.1 seconds (process running for 21.503)
2025-09-10 23:45:02.622 [cleanup-scheduler-1] DEBUG [com.example.GreenPath.Controller.User_Controller] [] [] - === SCHEDULED CLEANUP START ===
2025-09-10 23:45:02.622 [cleanup-scheduler-1] DEBUG [com.example.GreenPath.Controller.User_Controller] [] [] - Starting cleanup - Current pending users: 0, Current codes: 0
2025-09-10 23:45:02.624 [cleanup-scheduler-1] DEBUG [com.example.GreenPath.Controller.User_Controller] [] [] - === CLEANUP COMPLETED === No expired items found in 2ms. Current - Pending users: 0, Codes: 0
2025-09-10 23:45:18.452 [http-nio-8080-exec-2] INFO  [o.a.c.core.ContainerBase.[Tomcat].[localhost].[/]] [] [] - Initializing Spring DispatcherServlet 'dispatcherServlet'
2025-09-10 23:45:18.453 [http-nio-8080-exec-2] INFO  [org.springframework.web.servlet.DispatcherServlet] [] [] - Initializing Servlet 'dispatcherServlet'
2025-09-10 23:45:18.454 [http-nio-8080-exec-2] DEBUG [org.springframework.web.servlet.DispatcherServlet] [] [] - Detected StandardServletMultipartResolver
2025-09-10 23:45:18.454 [http-nio-8080-exec-2] DEBUG [org.springframework.web.servlet.DispatcherServlet] [] [] - Detected AcceptHeaderLocaleResolver
2025-09-10 23:45:18.455 [http-nio-8080-exec-2] DEBUG [org.springframework.web.servlet.DispatcherServlet] [] [] - Detected FixedThemeResolver
2025-09-10 23:45:18.459 [http-nio-8080-exec-2] DEBUG [org.springframework.web.servlet.DispatcherServlet] [] [] - Detected org.springframework.web.servlet.view.DefaultRequestToViewNameTranslator@4632d697
2025-09-10 23:45:18.462 [http-nio-8080-exec-2] DEBUG [org.springframework.web.servlet.DispatcherServlet] [] [] - Detected org.springframework.web.servlet.support.SessionFlashMapManager@1d4ae17e
2025-09-10 23:45:18.463 [http-nio-8080-exec-2] DEBUG [org.springframework.web.servlet.DispatcherServlet] [] [] - enableLoggingRequestDetails='false': request parameters and headers will be masked to prevent unsafe logging of potentially sensitive data
2025-09-10 23:45:18.464 [http-nio-8080-exec-2] INFO  [org.springframework.web.servlet.DispatcherServlet] [] [] - Completed initialization in 11 ms
2025-09-10 23:45:18.563 [http-nio-8080-exec-2] DEBUG [org.springframework.web.servlet.DispatcherServlet] [] [] - POST "/user/signup", parameters={multipart}
2025-09-10 23:45:18.990 [http-nio-8080-exec-2] INFO  [com.example.GreenPath.Controller.User_Controller] [] [] - === SIGNUP REQUEST START ===
2025-09-10 23:45:18.992 [http-nio-8080-exec-2] INFO  [com.example.GreenPath.Controller.User_Controller] [] [] - Session ID: FA1FF174449B1EC3840663CB2CD4FCE4
2025-09-10 23:45:18.993 [http-nio-8080-exec-2] INFO  [com.example.GreenPath.Controller.User_Controller] [] [] - Client IP: 0:0:0:0:0:0:0:1
2025-09-10 23:45:18.994 [http-nio-8080-exec-2] INFO  [com.example.GreenPath.Controller.User_Controller] [] [] - Email: ibealfred612@gmail.com
2025-09-10 23:45:18.995 [http-nio-8080-exec-2] INFO  [com.example.GreenPath.Controller.User_Controller] [] [] - Role: herder
2025-09-10 23:45:18.996 [http-nio-8080-exec-2] INFO  [com.example.GreenPath.Controller.User_Controller] [] [] - Phone: *******7105
2025-09-10 23:45:18.997 [http-nio-8080-exec-2] DEBUG [com.example.GreenPath.Controller.User_Controller] [] [] - Full request parameters - firstName: Alfred, lastName: ibe, email: ibealfred612@gmail.com, phone: 08133717105, role: herder
2025-09-10 23:45:18.997 [http-nio-8080-exec-2] DEBUG [com.example.GreenPath.Controller.User_Controller] [] [] - Validating input parameters...
2025-09-10 23:45:18.998 [http-nio-8080-exec-2] DEBUG [com.example.GreenPath.Controller.User_Controller] [] [] - Input validation passed for email: ibealfred612@gmail.com
2025-09-10 23:45:18.998 [http-nio-8080-exec-2] DEBUG [com.example.GreenPath.Controller.User_Controller] [] [] - Converting role 'herder' to UserType enum
2025-09-10 23:45:18.999 [http-nio-8080-exec-2] DEBUG [com.example.GreenPath.Controller.User_Controller] [] [] - Role conversion successful: HERDER
2025-09-10 23:45:19.001 [http-nio-8080-exec-2] DEBUG [com.example.GreenPath.Controller.User_Controller] [] [] - Checking if user already exists with email: ibealfred612@gmail.com
2025-09-10 23:45:19.298 [http-nio-8080-exec-2] DEBUG [com.example.GreenPath.Controller.User_Controller] [] [] - User does not exist, proceeding with registration
2025-09-10 23:45:19.299 [http-nio-8080-exec-2] DEBUG [com.example.GreenPath.Controller.User_Controller] [] [] - Creating new user object for email: ibealfred612@gmail.com
2025-09-10 23:45:19.300 [http-nio-8080-exec-2] DEBUG [com.example.GreenPath.Controller.User_Controller] [] [] - User object created successfully
2025-09-10 23:45:19.300 [http-nio-8080-exec-2] DEBUG [com.example.GreenPath.Controller.User_Controller] [] [] - Verification code generated successfully
2025-09-10 23:45:19.302 [http-nio-8080-exec-2] DEBUG [com.example.GreenPath.Controller.User_Controller] [] [] - Generated verification code for email: ibealfred612@gmail.com
2025-09-10 23:45:19.303 [http-nio-8080-exec-2] INFO  [com.example.GreenPath.Controller.User_Controller] [] [] - User data stored temporarily. Pending users count: 1, Verification codes count: 1
2025-09-10 23:45:19.304 [http-nio-8080-exec-2] DEBUG [com.example.GreenPath.Controller.User_Controller] [] [] - Attempting to send verification email to: ibealfred612@gmail.com
2025-09-10 23:45:19.305 [http-nio-8080-exec-2] INFO  [com.example.GreenPath.Service.EmailService] [] [] - Preparing to send verification email to: ibealfred612@gmail.com
2025-09-10 23:45:22.142 [http-nio-8080-exec-2] INFO  [com.example.GreenPath.Service.EmailService] [] [] - Verification email sent successfully to: ibealfred612@gmail.com
2025-09-10 23:45:22.143 [http-nio-8080-exec-2] INFO  [com.example.GreenPath.Controller.User_Controller] [] [] - Verification email sent successfully to: ibealfred612@gmail.com
2025-09-10 23:45:22.143 [http-nio-8080-exec-2] INFO  [com.example.GreenPath.Controller.User_Controller] [] [] - === SIGNUP REQUEST SUCCESS === Email: ibealfred612@gmail.com, Processing time: 3146ms, IP: 0:0:0:0:0:0:0:1
2025-09-10 23:45:22.265 [http-nio-8080-exec-2] DEBUG [org.springframework.web.servlet.DispatcherServlet] [] [] - Completed 200 OK
2025-09-10 23:50:02.650 [cleanup-scheduler-1] DEBUG [com.example.GreenPath.Controller.User_Controller] [] [] - === SCHEDULED CLEANUP START ===
2025-09-10 23:50:02.707 [cleanup-scheduler-1] DEBUG [com.example.GreenPath.Controller.User_Controller] [] [] - Starting cleanup - Current pending users: 1, Current codes: 1
2025-09-10 23:50:02.726 [cleanup-scheduler-1] DEBUG [com.example.GreenPath.Controller.User_Controller] [] [] - === CLEANUP COMPLETED === No expired items found in 19ms. Current - Pending users: 1, Codes: 1
